<?xml version="1.0" encoding="UTF-8"?>
<!-- Generated by org.testng.reporters.JUnitXMLReporter -->
<testsuite ignored="0" hostname="LAPTOP-OPTCNUC2" failures="1" tests="1" name="Firefox Automation Suite" time="21.469" errors="0" timestamp="2020-06-06T11:36:51 EDT">
  <testcase classname="Day_13_05302020.Kayak_Action_Item_Abstract" name="KayakCarSelect" time="13.936">
    <failure type="java.lang.NullPointerException">
      <![CDATA[java.lang.NullPointerException
at Day_13_05302020.Kayak_Action_Item_Abstract.KayakCarSelect(Kayak_Action_Item_Abstract.java:95)
at java.base/java.util.ArrayList.forEach(ArrayList.java:1507)
at com.intellij.rt.testng.IDEARemoteTestNG.run(IDEARemoteTestNG.java:66)
at com.intellij.rt.testng.RemoteTestNGStarter.main(RemoteTestNGStarter.java:110)
... Removed 24 stack frames]]>
    </failure>
  </testcase> <!-- KayakCarSelect -->
</testsuite> <!-- Firefox Automation Suite -->
