<?xml version="1.0" encoding="UTF-8"?>
<!-- Generated by org.testng.reporters.JUnitXMLReporter -->
<testsuite ignored="4" hostname="LAPTOP-OPTCNUC2" failures="0" tests="3" name="Regression Test" time="183.757" errors="0" timestamp="2020-06-04T23:11:08 EDT">
  <testcase classname="Day_13_05302020.Action_Item_MetLife_TestNG" name="MetLife" time="98.605"/>
  <testcase classname="Day_13_05302020.ActionItem_WeightWatch_Abstract" name="WeightWatch" time="42.978"/>
  <testcase classname="Day_13_05302020.Excel_Google_Search_Abstract" name="GoogleSearch" time="42.14"/>
  <testcase classname="Reusable_Methods.Abstract_Class" name="@AfterSuite PostCondition" time="0.0">
    <ignored/>
  </testcase> <!-- @AfterSuite PostCondition -->
  <testcase classname="Reusable_Methods.Abstract_Class" name="@AfterSuite PostCondition" time="0.0">
    <ignored/>
  </testcase> <!-- @AfterSuite PostCondition -->
  <testcase classname="Reusable_Methods.Abstract_Class" name="@BeforeSuite defineDriver" time="0.0">
    <ignored/>
  </testcase> <!-- @BeforeSuite defineDriver -->
  <testcase classname="Reusable_Methods.Abstract_Class" name="@BeforeSuite defineDriver" time="0.0">
    <ignored/>
  </testcase> <!-- @BeforeSuite defineDriver -->
</testsuite> <!-- Regression Test -->
