<?xml version="1.0" encoding="UTF-8"?>
<testng-results ignored="0" total="1" passed="1" failed="0" skipped="0">
  <reporter-output>
  </reporter-output>
  <suite started-at="2020-06-18T04:18:08 EDT" name="Default Suite" finished-at="2020-06-18T04:18:26 EDT" duration-ms="18765">
    <groups>
    </groups>
    <test started-at="2020-06-18T04:18:08 EDT" name="Maven_Automation" finished-at="2020-06-18T04:18:26 EDT" duration-ms="18765">
      <class name="LibertyMutal_Page_Object.LibertyMutual_PageObject">
        <test-method is-config="true" signature="defineDriver()[pri:0, instance:LibertyMutal_Page_Object.LibertyMutual_PageObject@33cb5951]" started-at="2020-06-18T04:17:59 EDT" name="defineDriver" finished-at="2020-06-18T04:18:08 EDT" duration-ms="8537" status="PASS">
          <reporter-output>
          </reporter-output>
        </test-method> <!-- defineDriver -->
        <test-method is-config="true" signature="getMethodName(java.lang.reflect.Method)[pri:0, instance:LibertyMutal_Page_Object.LibertyMutual_PageObject@33cb5951]" started-at="2020-06-18T04:18:08 EDT" name="getMethodName" finished-at="2020-06-18T04:18:08 EDT" duration-ms="6" status="PASS">
          <params>
            <param index="0">
              <value>
                <![CDATA[public void LibertyMutal_Page_Object.LibertyMutual_PageObject.LibertyMutual_PageObject() throws java.lang.InterruptedException]]>
              </value>
            </param>
          </params>
          <reporter-output>
          </reporter-output>
        </test-method> <!-- getMethodName -->
        <test-method signature="LibertyMutual_PageObject()[pri:0, instance:LibertyMutal_Page_Object.LibertyMutual_PageObject@33cb5951]" started-at="2020-06-18T04:18:08 EDT" name="LibertyMutual_PageObject" finished-at="2020-06-18T04:18:26 EDT" duration-ms="18717" status="PASS">
          <reporter-output>
          </reporter-output>
        </test-method> <!-- LibertyMutual_PageObject -->
        <test-method is-config="true" signature="endTest()[pri:0, instance:LibertyMutal_Page_Object.LibertyMutual_PageObject@33cb5951]" started-at="2020-06-18T04:18:26 EDT" name="endTest" finished-at="2020-06-18T04:18:26 EDT" duration-ms="5" status="PASS">
          <reporter-output>
          </reporter-output>
        </test-method> <!-- endTest -->
        <test-method is-config="true" signature="PostCondition()[pri:0, instance:LibertyMutal_Page_Object.LibertyMutual_PageObject@33cb5951]" started-at="2020-06-18T04:18:26 EDT" name="PostCondition" finished-at="2020-06-18T04:18:27 EDT" duration-ms="661" status="PASS">
          <reporter-output>
          </reporter-output>
        </test-method> <!-- PostCondition -->
      </class> <!-- LibertyMutal_Page_Object.LibertyMutual_PageObject -->
    </test> <!-- Maven_Automation -->
  </suite> <!-- Default Suite -->
</testng-results>
